# JRE version: OpenJDK Runtime Environment (8.0_152-b06) (build 1.8.0_152-release-1136-b06)
# Java VM: OpenJDK 64-Bit Server VM (25.152-b06 mixed mode windows-amd64 compressed oops)
Heap:
 PSYoungGen      total 50176K, used 3374K [0x00000000e0000000, 0x00000000e3780000, 0x0000000100000000)
  eden space 44544K, 7% used [0x00000000e0000000,0x00000000e034b990,0x00000000e2b80000)
  from space 5632K, 0% used [0x00000000e3200000,0x00000000e3200000,0x00000000e3780000)
  to   space 6144K, 0% used [0x00000000e2b80000,0x00000000e2b80000,0x00000000e3180000)
 ParOldGen       total 31744K, used 13349K [0x00000000a0000000, 0x00000000a1f00000, 0x00000000e0000000)
  object space 31744K, 42% used [0x00000000a0000000,0x00000000a0d09690,0x00000000a1f00000)
 Metaspace       used 35491K, capacity 36110K, committed 36312K, reserved 1083392K
  class space    used 4860K, capacity 5067K, committed 5120K, reserved 1048576K
GC Heap History (10 events):
Event: 29.313 GC heap before
{Heap before GC invocations=15 (full 1):
 PSYoungGen      total 37376K, used 33828K [0x00000000e0000000, 0x00000000e3800000, 0x0000000100000000)
  eden space 31232K, 100% used [0x00000000e0000000,0x00000000e1e80000,0x00000000e1e80000)
  from space 6144K, 42% used [0x00000000e1e80000,0x00000000e2109238,0x00000000e2480000)
  to   space 6144K, 0% used [0x00000000e3200000,0x00000000e3200000,0x00000000e3800000)
 ParOldGen       total 31744K, used 10610K [0x00000000a0000000, 0x00000000a1f00000, 0x00000000e0000000)
  object space 31744K, 33% used [0x00000000a0000000,0x00000000a0a5c850,0x00000000a1f00000)
 Metaspace       used 32176K, capacity 32800K, committed 33152K, reserved 1077248K
  class space    used 4435K, capacity 4643K, committed 4736K, reserved 1048576K
Event: 29.334 GC heap after
Heap after GC invocations=15 (full 1):
 PSYoungGen      total 50176K, used 4505K [0x00000000e0000000, 0x00000000e3780000, 0x0000000100000000)
  eden space 44544K, 0% used [0x00000000e0000000,0x00000000e0000000,0x00000000e2b80000)
  from space 5632K, 80% used [0x00000000e3200000,0x00000000e3666678,0x00000000e3780000)
  to   space 6144K, 0% used [0x00000000e2b80000,0x00000000e2b80000,0x00000000e3180000)
 ParOldGen       total 31744K, used 11463K [0x00000000a0000000, 0x00000000a1f00000, 0x00000000e0000000)
  object space 31744K, 36% used [0x00000000a0000000,0x00000000a0b31c80,0x00000000a1f00000)
 Metaspace       used 32176K, capacity 32800K, committed 33152K, reserved 1077248K
  class space    used 4435K, capacity 4643K, committed 4736K, reserved 1048576K
}
Event: 30.039 GC heap before
{Heap before GC invocations=16 (full 1):
 PSYoungGen      total 50176K, used 18917K [0x00000000e0000000, 0x00000000e3780000, 0x0000000100000000)
  eden space 44544K, 32% used [0x00000000e0000000,0x00000000e0e12f50,0x00000000e2b80000)
  from space 5632K, 80% used [0x00000000e3200000,0x00000000e3666678,0x00000000e3780000)
  to   space 6144K, 0% used [0x00000000e2b80000,0x00000000e2b80000,0x00000000e3180000)
 ParOldGen       total 31744K, used 11463K [0x00000000a0000000, 0x00000000a1f00000, 0x00000000e0000000)
  object space 31744K, 36% used [0x00000000a0000000,0x00000000a0b31c80,0x00000000a1f00000)
 Metaspace       used 34690K, capacity 35302K, committed 35416K, reserved 1079296K
  class space    used 4736K, capacity 4969K, committed 4992K, reserved 1048576K
Event: 30.053 GC heap after
Heap after GC invocations=16 (full 1):
 PSYoungGen      total 50688K, used 2114K [0x00000000e0000000, 0x00000000e3780000, 0x0000000100000000)
  eden space 44544K, 0% used [0x00000000e0000000,0x00000000e0000000,0x00000000e2b80000)
  from space 6144K, 34% used [0x00000000e2b80000,0x00000000e2d90908,0x00000000e3180000)
  to   space 5632K, 0% used [0x00000000e3200000,0x00000000e3200000,0x00000000e3780000)
 ParOldGen       total 31744K, used 13787K [0x00000000a0000000, 0x00000000a1f00000, 0x00000000e0000000)
  object space 31744K, 43% used [0x00000000a0000000,0x00000000a0d76d10,0x00000000a1f00000)
 Metaspace       used 34690K, capacity 35302K, committed 35416K, reserved 1079296K
  class space    used 4736K, capacity 4969K, committed 4992K, reserved 1048576K
}
Event: 30.053 GC heap before
{Heap before GC invocations=17 (full 2):
 PSYoungGen      total 50688K, used 2114K [0x00000000e0000000, 0x00000000e3780000, 0x0000000100000000)
  eden space 44544K, 0% used [0x00000000e0000000,0x00000000e0000000,0x00000000e2b80000)
  from space 6144K, 34% used [0x00000000e2b80000,0x00000000e2d90908,0x00000000e3180000)
  to   space 5632K, 0% used [0x00000000e3200000,0x00000000e3200000,0x00000000e3780000)
 ParOldGen       total 31744K, used 13787K [0x00000000a0000000, 0x00000000a1f00000, 0x00000000e0000000)
  object space 31744K, 43% used [0x00000000a0000000,0x00000000a0d76d10,0x00000000a1f00000)
 Metaspace       used 34690K, capacity 35302K, committed 35416K, reserved 1079296K
  class space    used 4736K, capacity 4969K, committed 4992K, reserved 1048576K
Event: 30.332 GC heap after
Heap after GC invocations=17 (full 2):
 PSYoungGen      total 50688K, used 0K [0x00000000e0000000, 0x00000000e3780000, 0x0000000100000000)
  eden space 44544K, 0% used [0x00000000e0000000,0x00000000e0000000,0x00000000e2b80000)
  from space 6144K, 0% used [0x00000000e2b80000,0x00000000e2b80000,0x00000000e3180000)
  to   space 5632K, 0% used [0x00000000e3200000,0x00000000e3200000,0x00000000e3780000)
 ParOldGen       total 31744K, used 14290K [0x00000000a0000000, 0x00000000a1f00000, 0x00000000e0000000)
  object space 31744K, 45% used [0x00000000a0000000,0x00000000a0df4b90,0x00000000a1f00000)
 Metaspace       used 34690K, capacity 35302K, committed 35416K, reserved 1079296K
  class space    used 4736K, capacity 4969K, committed 4992K, reserved 1048576K
}
Event: 30.596 GC heap before
{Heap before GC invocations=18 (full 2):
 PSYoungGen      total 50688K, used 6969K [0x00000000e0000000, 0x00000000e3780000, 0x0000000100000000)
  eden space 44544K, 15% used [0x00000000e0000000,0x00000000e06ce610,0x00000000e2b80000)
  from space 6144K, 0% used [0x00000000e2b80000,0x00000000e2b80000,0x00000000e3180000)
  to   space 5632K, 0% used [0x00000000e3200000,0x00000000e3200000,0x00000000e3780000)
 ParOldGen       total 31744K, used 14290K [0x00000000a0000000, 0x00000000a1f00000, 0x00000000e0000000)
  object space 31744K, 45% used [0x00000000a0000000,0x00000000a0df4b90,0x00000000a1f00000)
 Metaspace       used 35295K, capacity 35918K, committed 36056K, reserved 1085440K
  class space    used 4823K, capacity 5067K, committed 5120K, reserved 1048576K
Event: 30.602 GC heap after
Heap after GC invocations=18 (full 2):
 PSYoungGen      total 50176K, used 738K [0x00000000e0000000, 0x00000000e3780000, 0x0000000100000000)
  eden space 44544K, 0% used [0x00000000e0000000,0x00000000e0000000,0x00000000e2b80000)
  from space 5632K, 13% used [0x00000000e3200000,0x00000000e32b88d0,0x00000000e3780000)
  to   space 6144K, 0% used [0x00000000e2b80000,0x00000000e2b80000,0x00000000e3180000)
 ParOldGen       total 31744K, used 14290K [0x00000000a0000000, 0x00000000a1f00000, 0x00000000e0000000)
  object space 31744K, 45% used [0x00000000a0000000,0x00000000a0df4b90,0x00000000a1f00000)
 Metaspace       used 35295K, capacity 35918K, committed 36056K, reserved 1085440K
  class space    used 4823K, capacity 5067K, committed 5120K, reserved 1048576K
}
Event: 30.602 GC heap before
{Heap before GC invocations=19 (full 3):
 PSYoungGen      total 50176K, used 738K [0x00000000e0000000, 0x00000000e3780000, 0x0000000100000000)
  eden space 44544K, 0% used [0x00000000e0000000,0x00000000e0000000,0x00000000e2b80000)
  from space 5632K, 13% used [0x00000000e3200000,0x00000000e32b88d0,0x00000000e3780000)
  to   space 6144K, 0% used [0x00000000e2b80000,0x00000000e2b80000,0x00000000e3180000)
 ParOldGen       total 31744K, used 14290K [0x00000000a0000000, 0x00000000a1f00000, 0x00000000e0000000)
  object space 31744K, 45% used [0x00000000a0000000,0x00000000a0df4b90,0x00000000a1f00000)
 Metaspace       used 35295K, capacity 35918K, committed 36056K, reserved 1085440K
  class space    used 4823K, capacity 5067K, committed 5120K, reserved 1048576K
Event: 30.832 GC heap after
Heap after GC invocations=19 (full 3):
 PSYoungGen      total 50176K, used 0K [0x00000000e0000000, 0x00000000e3780000, 0x0000000100000000)
  eden space 44544K, 0% used [0x00000000e0000000,0x00000000e0000000,0x00000000e2b80000)
  from space 5632K, 0% used [0x00000000e3200000,0x00000000e3200000,0x00000000e3780000)
  to   space 6144K, 0% used [0x00000000e2b80000,0x00000000e2b80000,0x00000000e3180000)
 ParOldGen       total 31744K, used 13349K [0x00000000a0000000, 0x00000000a1f00000, 0x00000000e0000000)
  object space 31744K, 42% used [0x00000000a0000000,0x00000000a0d09690,0x00000000a1f00000)
 Metaspace       used 35295K, capacity 35918K, committed 36056K, reserved 1083392K
  class space    used 4823K, capacity 5067K, committed 5120K, reserved 1048576K
}

